<?xml version="1.0" encoding="UTF-8"?>
<!-- Generated by org.testng.reporters.JUnitXMLReporter -->
<testsuite ignored="2" hostname="LAPTOP-MVVD1D1F" failures="0" tests="4" name="Test" time="0.025" errors="0" timestamp="2023-12-22T12:22:38 IST">
  <testcase classname="com.task.base.BaseTest" name="@BeforeSuite setup1" time="-1.70322795858E9">
    <failure type="org.testng.TestNGException" message="
Parameter &amp;apos;URL&amp;apos; is required by BeforeSuite on method setup1 but has not been marked @Optional or defined
in D:\Selenium\QA_Assignment_Harsha\testng.xml">
      <![CDATA[org.testng.TestNGException: 
Parameter 'URL' is required by BeforeSuite on method setup1 but has not been marked @Optional or defined
in D:\Selenium\QA_Assignment_Harsha\testng.xml
... Removed 16 stack frames]]>
    </failure>
  </testcase> <!-- @BeforeSuite setup1 -->
  <testcase classname="com.task.Test.loginTest" name="loginWithEmptyField" time="0.0">
    <skipped/>
  </testcase> <!-- loginWithEmptyField -->
  <testcase classname="com.task.Test.loginTest" name="loginScenarioValidAndInvalidCred" time="0.0">
    <skipped/>
  </testcase> <!-- loginScenarioValidAndInvalidCred -->
  <testcase classname="com.task.Test.ForgetPasswordTest" name="getResetLinkForPassword" time="0.0">
    <skipped/>
  </testcase> <!-- getResetLinkForPassword -->
  <testcase classname="com.task.Test.ForgetPasswordTest" name="getPopupMsgAfterClickResetLink" time="0.0">
    <skipped/>
  </testcase> <!-- getPopupMsgAfterClickResetLink -->
  <testcase classname="com.task.base.BaseTest" name="@AfterSuite tearDown" time="0.0">
    <ignored/>
  </testcase> <!-- @AfterSuite tearDown -->
  <testcase classname="com.task.base.BaseTest" name="@BeforeSuite setup1" time="0.0">
    <ignored/>
  </testcase> <!-- @BeforeSuite setup1 -->
</testsuite> <!-- Test -->
