<!DOCTYPE html PUBLIC "-//W3C//DTD XHTML 1.1//EN" "https://www.w3.org/TR/xhtml11/DTD/xhtml11.dtd">
<html xmlns="https://www.w3.org/1999/xhtml">
<head>
<meta http-equiv="content-type" content="text/html; charset=UTF-8"/>
<title>TestNG Report</title>
<style type="text/css">table {margin-bottom:10px;border-collapse:collapse;empty-cells:show}th,td {border:1px solid #009;padding:.25em .5em}th {vertical-align:bottom}td {vertical-align:top}table a {font-weight:bold}.stripe td {background-color: #E6EBF9}.num {text-align:right}.passedodd td {background-color: #3F3}.passedeven td {background-color: #0A0}.skippedodd td {background-color: #DDD}.skippedeven td {background-color: #CCC}.failedodd td,.attn {background-color: #F33}.failedeven td,.stripe .attn {background-color: #D00}.stacktrace {white-space:pre;font-family:monospace}.totop {font-size:85%;text-align:center;border-bottom:2px solid #000}.invisible {display:none}</style>
</head>
<body>
<table>
<tr><th>Test</th><th># Passed</th><th># Skipped</th><th># Retried</th><th># Failed</th><th>Time (ms)</th><th>Included Groups</th><th>Excluded Groups</th></tr>
<tr><th colspan="8">Suite</th></tr>
<tr><td><a href="#t0">Test</a></td><td class="num">0</td><td class="num attn">4</td><td class="num">0</td><td class="num">0</td><td class="num">25</td><td></td><td></td></tr>
</table>
<table id='summary'><thead><tr><th>Class</th><th>Method</th><th>Start</th><th>Time (ms)</th></tr></thead><tbody><tr><th colspan="4">Suite</th></tr></tbody><tbody id="t0"><tr><th colspan="4">Test &#8212; failed (configuration methods)</th></tr><tr class="failedeven"><td rowspan="1">com.task.Test.loginTest</td><td><a href="#m0">setup1</a></td><td rowspan="1">1703227958580</td><td rowspan="1">-1703227958580</td></tr><tr><th colspan="4">Test &#8212; skipped (configuration methods)</th></tr><tr class="skippedeven"><td rowspan="1">com.task.Test.loginTest</td><td><a href="#m1">tearDown</a></td><td rowspan="1">1703227958631</td><td rowspan="1">-1703227958631</td></tr><tr><th colspan="4">Test &#8212; skipped</th></tr><tr class="skippedeven"><td rowspan="2">com.task.Test.ForgetPasswordTest</td><td><a href="#m2">getPopupMsgAfterClickResetLink</a></td><td rowspan="1">1703227958610</td><td rowspan="1">0</td></tr><tr class="skippedeven"><td><a href="#m3">getResetLinkForPassword</a></td><td rowspan="1">1703227958607</td><td rowspan="1">0</td></tr><tr class="skippedodd"><td rowspan="2">com.task.Test.loginTest</td><td><a href="#m4">loginScenarioValidAndInvalidCred</a></td><td rowspan="1">1703227958605</td><td rowspan="1">0</td></tr><tr class="skippedodd"><td><a href="#m5">loginWithEmptyField</a></td><td rowspan="1">1703227958601</td><td rowspan="1">0</td></tr></tbody>
</table>
<h2>Test</h2><h3 id="m0">com.task.Test.loginTest#setup1</h3><table class="result"><tr><th>Exception</th></tr><tr><td><div class="stacktrace">org.testng.TestNGException: 
Parameter &apos;URL&apos; is required by BeforeSuite on method setup1 but has not been marked @Optional or defined
in D:\Selenium\QA_Assignment_Harsha\testng.xml
... Removed 16 stack frames</div></td></tr></table><p class="totop"><a href="#summary">back to summary</a></p>
<h3 id="m1">com.task.Test.loginTest#tearDown</h3><table class="result"><tr><th class="invisible"/></tr></table><p class="totop"><a href="#summary">back to summary</a></p>
<h3 id="m2">com.task.Test.ForgetPasswordTest#getPopupMsgAfterClickResetLink</h3><table class="result"><tr><th>Exception</th></tr><tr><td><div class="stacktrace">java.lang.Throwable: Method ForgetPasswordTest.getPopupMsgAfterClickResetLink()[pri:0, instance:com.task.Test.ForgetPasswordTest@4c398c80] depends on not successfully finished methods
	at java.base/java.util.ArrayList.forEach(ArrayList.java:1511)
... Removed 18 stack frames</div></td></tr></table><p class="totop"><a href="#summary">back to summary</a></p>
<h3 id="m3">com.task.Test.ForgetPasswordTest#getResetLinkForPassword</h3><table class="result"><tr class="param"><th>Parameter #1</th></tr><tr class="param stripe"><td>harshabharule@gmail.com</td></tr><tr><th>Exception</th></tr><tr><td><div class="stacktrace">org.testng.TestNGException: 
Parameter &apos;URL&apos; is required by BeforeSuite on method setup1 but has not been marked @Optional or defined
in D:\Selenium\QA_Assignment_Harsha\testng.xml
... Removed 16 stack frames</div></td></tr></table><p class="totop"><a href="#summary">back to summary</a></p>
<h3 id="m4">com.task.Test.loginTest#loginScenarioValidAndInvalidCred</h3><table class="result"><tr><th>Exception</th></tr><tr><td><div class="stacktrace">org.testng.TestNGException: 
Parameter &apos;URL&apos; is required by BeforeSuite on method setup1 but has not been marked @Optional or defined
in D:\Selenium\QA_Assignment_Harsha\testng.xml
... Removed 16 stack frames</div></td></tr></table><p class="totop"><a href="#summary">back to summary</a></p>
<h3 id="m5">com.task.Test.loginTest#loginWithEmptyField</h3><table class="result"><tr><th>Exception</th></tr><tr><td><div class="stacktrace">org.testng.TestNGException: 
Parameter &apos;URL&apos; is required by BeforeSuite on method setup1 but has not been marked @Optional or defined
in D:\Selenium\QA_Assignment_Harsha\testng.xml
... Removed 16 stack frames</div></td></tr></table><p class="totop"><a href="#summary">back to summary</a></p>
</body>
</html>
