<?xml version="1.0" encoding="UTF-8"?>
<!-- Generated by org.testng.reporters.JUnitReportReporter -->
<testsuite hostname="LAPTOP-MVVD1D1F" failures="0" tests="3" name="com.task.Test.loginTest" time="-1703227904.000" errors="1" timestamp="2023-12-22T12:22:38 IST" skipped="2">
  <testcase classname="com.task.Test.loginTest" name="loginWithEmptyField" time="0.000">
    <skipped/>
  </testcase> <!-- loginWithEmptyField -->
  <system-out/>
  <testcase classname="com.task.Test.loginTest" name="setup1" time="-1703227904.000">
    <error message="
Parameter &#039;URL&#039; is required by BeforeSuite on method setup1 but has not been marked @Optional or defined
in D:\Selenium\QA_Assignment_Harsha\testng.xml" type="org.testng.TestNGException">
      <![CDATA[org.testng.TestNGException: 
Parameter 'URL' is required by BeforeSuite on method setup1 but has not been marked @Optional or defined
in D:\Selenium\QA_Assignment_Harsha\testng.xml
at org.testng.internal.Parameters.createParams(Parameters.java:270)
at org.testng.internal.Parameters.createParametersForMethod(Parameters.java:358)
at org.testng.internal.Parameters.createParameters(Parameters.java:700)
at org.testng.internal.Parameters.createConfigurationParameters(Parameters.java:168)
at org.testng.internal.ConfigInvoker.invokeConfigurations(ConfigInvoker.java:302)
at org.testng.SuiteRunner.privateRun(SuiteRunner.java:317)
at org.testng.SuiteRunner.run(SuiteRunner.java:276)
at org.testng.SuiteRunnerWorker.runSuite(SuiteRunnerWorker.java:53)
at org.testng.SuiteRunnerWorker.run(SuiteRunnerWorker.java:96)
at org.testng.TestNG.runSuitesSequentially(TestNG.java:1212)
at org.testng.TestNG.runSuitesLocally(TestNG.java:1134)
at org.testng.TestNG.runSuites(TestNG.java:1063)
at org.testng.TestNG.run(TestNG.java:1031)
at org.testng.remote.AbstractRemoteTestNG.run(AbstractRemoteTestNG.java:115)
at org.testng.remote.RemoteTestNG.initAndRun(RemoteTestNG.java:251)
at org.testng.remote.RemoteTestNG.main(RemoteTestNG.java:77)
]]>
    </error>
  </testcase> <!-- setup1 -->
  <system-out/>
  <testcase classname="com.task.Test.loginTest" name="loginScenarioValidAndInvalidCred" time="0.000">
    <skipped/>
  </testcase> <!-- loginScenarioValidAndInvalidCred -->
  <system-out/>
</testsuite> <!-- com.task.Test.loginTest -->
